time="2020-04-17T20:32:06+07:00" level=info msg="Get account information by id=[1]"
time="2020-04-17T20:32:06+07:00" level=info msg="Get account information by id=[1]"
time="2020-04-17T20:33:01+07:00" level=info msg="Get account information by id=[1]"
time="2020-04-17T20:33:01+07:00" level=info msg="Get account information by id=[1]"
time="2020-04-17T20:33:41+07:00" level=info msg="Get account information by id=[1]"
time="2020-04-17T20:35:27+07:00" level=info msg="Get account information by id=[1]"
time="2020-04-17T20:35:27+07:00" level=debug msg="Get account information by id=[1]"
time="2020-04-20T19:12:38+07:00" level=info msg="Get account information by id=[1]"
time="2020-04-20T19:12:38+07:00" level=debug msg="Get account information by id=[1]"
time="2020-04-20T19:20:21+07:00" level=info msg="Get account information by id=[1]"
time="2020-04-20T19:20:21+07:00" level=debug msg="Get account information by id=[1]"
time="2020-04-20T19:37:34+07:00" level=info msg="Get account information by id=[1]"
time="2020-04-20T19:37:34+07:00" level=debug msg="Get account information by id=[1]"
time="2020-04-20T19:45:46+07:00" level=info msg="Get account information by id=[1]"
time="2020-04-20T19:45:46+07:00" level=debug msg="Get account information by id=[1]"
time="2020-04-20T19:45:57+07:00" level=info msg="Get account information by id=[1]"
time="2020-04-20T19:45:57+07:00" level=debug msg="Get account information by id=[1]"
time="2020-04-20T20:15:56+07:00" level=info msg="Get account information by id=[2]"
time="2020-04-20T20:15:56+07:00" level=debug msg="Get account information by id=[2]"
time="2020-04-20T20:38:20+07:00" level=info msg="Get account information by id=[1]"
time="2020-04-20T20:38:20+07:00" level=debug msg="Get account information by id=[1]"
time="2020-04-20T20:39:09+07:00" level=info msg="Delete account by id=[%d]1"
time="2020-04-20T20:39:09+07:00" level=debug msg="Delete account by ID=[%!d(MISSING)], id"
time="2020-04-20T20:39:29+07:00" level=info msg="Get account information by id=[1]"
time="2020-04-20T20:39:29+07:00" level=debug msg="Get account information by id=[1]"
time="2020-04-20T21:38:27+07:00" level=info msg="Get account information by id=[1]"
time="2020-04-20T21:38:27+07:00" level=debug msg="Get account information by id=[1]"
time="2020-04-20T21:41:39+07:00" level=info msg="Get account information by id=[3]"
time="2020-04-20T21:41:39+07:00" level=debug msg="Get account information by id=[3]"
time="2020-04-20T23:02:32+07:00" level=info msg="Get account information by id=[1]"
time="2020-04-20T23:02:32+07:00" level=debug msg="Get account information by id=[1]"
time="2020-04-20T23:05:20+07:00" level=info msg="Get account information by id=[3]"
time="2020-04-20T23:05:20+07:00" level=debug msg="Get account information by id=[3]"
time="2020-04-20T23:29:51+07:00" level=info msg="Get account information by id=[1]"
time="2020-04-20T23:29:51+07:00" level=debug msg="Get account information by id=[1]"
time="2020-04-20T23:30:40+07:00" level=info msg="Get account information by id=[3]"
time="2020-04-20T23:30:40+07:00" level=debug msg="Get account information by id=[3]"
time="2020-04-21T08:13:53+07:00" level=info msg="Get account information by id=[3]"
time="2020-04-21T08:13:53+07:00" level=debug msg="Get account information by id=[3]"
time="2020-04-21T08:14:12+07:00" level=info msg="Get account information by id=[3]"
time="2020-04-21T08:14:12+07:00" level=debug msg="Get account information by id=[3]"
time="2020-04-21T08:20:13+07:00" level=info msg="Get account information by id=[2]"
time="2020-04-21T08:20:13+07:00" level=debug msg="Get account information by id=[2]"
time="2020-04-21T08:21:12+07:00" level=info msg="Delete account by id=[%d]2"
time="2020-04-21T08:21:12+07:00" level=debug msg="Delete account by ID=[%!d(MISSING)], id"
time="2020-04-21T18:51:40+07:00" level=info msg="Get account information by id=[4]"
time="2020-04-21T18:51:40+07:00" level=debug msg="Get account information by id=[4]"
time="2020-04-21T19:27:48+07:00" level=debug msg="Delete account by ID=[%!d(MISSING)], id"
time="2020-04-21T19:57:10+07:00" level=debug msg="Delete photo by ID=[%!d(MISSING)], id"
time="2020-04-22T14:02:13+07:00" level=debug msg="Delete photo by ID=[%!d(MISSING)], id"
time="2020-04-22T14:03:44+07:00" level=debug msg="Delete photo by ID=[%!d(MISSING)], id"
time="2020-04-22T14:03:53+07:00" level=debug msg="Delete photo by ID=[%!d(MISSING)], id"
time="2020-04-22T14:05:15+07:00" level=debug msg="Delete photo by ID=[%!d(MISSING)], id"
time="2020-04-22T14:05:22+07:00" level=debug msg="Delete photo by ID=[%!d(MISSING)], id"
time="2020-04-22T14:16:51+07:00" level=debug msg="Delete photo by ID=[%!d(MISSING)], id"
time="2020-04-22T14:26:19+07:00" level=debug msg="Delete photo by ID=[%!d(MISSING)], id"
time="2020-04-22T14:32:41+07:00" level=info msg="Get account information by id=[4]"
time="2020-04-22T14:32:41+07:00" level=debug msg="Get account information by id=[4]"
time="2020-04-22T14:35:49+07:00" level=debug msg="Delete photo by ID=[%!d(MISSING)], id"
time="2020-04-22T14:35:52+07:00" level=debug msg="Delete photo by ID=[%!d(MISSING)], id"
time="2020-04-22T14:36:01+07:00" level=debug msg="Delete photo by ID=[%!d(MISSING)], id"
time="2020-04-22T14:45:09+07:00" level=debug msg="Delete photo by ID=[%!d(MISSING)], id"
time="2020-04-23T11:38:36+07:00" level=info msg="Get account information by id=[5]"
time="2020-04-23T11:38:36+07:00" level=debug msg="Get account information by id=[5]"
time="2020-04-23T11:39:11+07:00" level=info msg="Get account information by id=[5]"
time="2020-04-23T11:39:11+07:00" level=debug msg="Get account information by id=[5]"
time="2020-04-23T11:40:39+07:00" level=info msg="Get account information by id=[5]"
time="2020-04-23T11:40:39+07:00" level=debug msg="Get account information by id=[5]"
time="2020-04-24T18:58:50+07:00" level=info msg="Get account information by id=[5]"
time="2020-04-24T18:58:50+07:00" level=debug msg="Get account information by id=[5]"
time="2020-04-24T19:00:22+07:00" level=info msg="Get account information by id=[5]"
time="2020-04-24T19:00:22+07:00" level=debug msg="Get account information by id=[5]"
time="2020-04-24T19:17:56+07:00" level=debug msg="Delete gallery by ID=[%!d(MISSING)], id"
time="2020-04-24T19:18:01+07:00" level=debug msg="Delete gallery by ID=[%!d(MISSING)], id"
time="2020-04-24T19:18:02+07:00" level=debug msg="Delete gallery by ID=[%!d(MISSING)], id"
time="2020-04-24T19:18:04+07:00" level=debug msg="Delete gallery by ID=[%!d(MISSING)], id"
time="2020-04-24T19:18:06+07:00" level=debug msg="Delete gallery by ID=[%!d(MISSING)], id"
time="2020-04-24T19:18:07+07:00" level=debug msg="Delete gallery by ID=[%!d(MISSING)], id"
time="2020-04-24T19:18:09+07:00" level=debug msg="Delete gallery by ID=[%!d(MISSING)], id"
time="2020-04-24T19:18:12+07:00" level=debug msg="Delete gallery by ID=[%!d(MISSING)], id"
time="2020-04-24T19:18:15+07:00" level=debug msg="Delete gallery by ID=[%!d(MISSING)], id"
time="2020-04-24T19:25:28+07:00" level=debug msg="Delete gallery by ID=[%!d(MISSING)], id"
time="2020-04-24T19:25:30+07:00" level=debug msg="Delete gallery by ID=[%!d(MISSING)], id"
time="2020-04-25T23:09:33+07:00" level=info msg="Get account information by id=[5]"
time="2020-04-25T23:09:33+07:00" level=debug msg="Get account information by id=[5]"
time="2020-04-26T22:39:23+07:00" level=info msg="Get account information by id=[8]"
time="2020-04-26T22:39:23+07:00" level=debug msg="Get account information by id=[8]"
time="2020-04-26T22:39:48+07:00" level=info msg="Get account information by id=[8]"
time="2020-04-26T22:39:48+07:00" level=debug msg="Get account information by id=[8]"
time="2020-04-27T11:36:10+07:00" level=info msg="Get account information by id=[4]"
time="2020-04-27T11:36:10+07:00" level=debug msg="Get account information by id=[4]"
time="2020-04-27T22:45:28+07:00" level=info msg="Get account information by id=[9]"
time="2020-04-27T22:45:28+07:00" level=debug msg="Get account information by id=[9]"
time="2020-04-28T19:52:31+07:00" level=info msg="Get account information by id=[9]"
time="2020-04-28T19:52:31+07:00" level=debug msg="Get account information by id=[9]"
time="2020-04-28T20:17:46+07:00" level=info msg="Get account information by id=[9]"
time="2020-04-28T20:17:46+07:00" level=debug msg="Get account information by id=[9]"
time="2020-04-29T10:38:47+07:00" level=debug msg="Get account information by id=[10]"
time="2020-04-29T10:42:25+07:00" level=debug msg="Get account information by id=[10]"
time="2020-04-29T11:07:16+07:00" level=info msg="Get account information by id=[10]"
time="2020-04-29T11:07:16+07:00" level=debug msg="Get account information by id=[10]"
time="2020-04-29T11:55:36+07:00" level=debug msg="Delete gallery by ID=[%!d(MISSING)], id"
time="2020-04-29T14:36:30+07:00" level=info msg="Get account information by id=[10]"
time="2020-04-29T14:36:30+07:00" level=debug msg="Get account information by id=[10]"
